<?xml version="1.0" encoding="UTF-8"?>
<!-- Generated by org.testng.reporters.JUnitReportReporter -->
<testsuite hostname="Vishus__Lappy" failures="0" tests="2" name="testngcheck.EnabledKeyword" time="0.002" errors="0" timestamp="2023-01-28T22:47:32 IST" skipped="1">
  <testcase classname="testngcheck.EnabledKeyword" name="ab" time="0.002"/>
  <system-out>
    <![CDATA[Checking reporter]]>
  </system-out>
  <testcase classname="testngcheck.EnabledKeyword" name="ba">
    <skipped/>
  </testcase> <!-- ba -->
  <system-out/>
</testsuite> <!-- testngcheck.EnabledKeyword -->
