<?xml version="1.0" encoding="UTF-8"?>
<!-- Generated by org.testng.reporters.JUnitReportReporter -->
<testsuite hostname="Vishus__Lappy" failures="0" tests="2" name="testngcheck.CheckingTestSequenceWithPriority" time="0.006" errors="0" timestamp="2023-01-28T22:47:32 IST" skipped="0">
  <testcase classname="testngcheck.CheckingTestSequenceWithPriority" name="ba" time="0.004"/>
  <system-out/>
  <testcase classname="testngcheck.CheckingTestSequenceWithPriority" name="ab" time="0.002"/>
  <system-out/>
</testsuite> <!-- testngcheck.CheckingTestSequenceWithPriority -->
