<?xml version="1.0" encoding="UTF-8"?>
<!-- Generated by org.testng.reporters.JUnitReportReporter -->
<testsuite hostname="Vishus__Lappy" failures="0" tests="2" name="testngcheck.ReporterClass" time="0.002" errors="0" timestamp="2023-01-28T22:47:32 IST" skipped="0">
  <testcase classname="testngcheck.ReporterClass" name="ab" time="0.001"/>
  <system-out>
    <![CDATA[checking reporter]]>
  </system-out>
  <testcase classname="testngcheck.ReporterClass" name="ba" time="0.001"/>
  <system-out/>
</testsuite> <!-- testngcheck.ReporterClass -->
