<?xml version="1.0" encoding="UTF-8"?>
<!-- Generated by org.testng.reporters.JUnitReportReporter -->
<testsuite hostname="Vishus__Lappy" failures="0" tests="2" name="testngcheck.Annotations" time="0.005" errors="0" timestamp="2023-01-28T22:47:32 IST" skipped="0">
  <testcase classname="testngcheck.Annotations" name="test1" time="0.002"/>
  <system-out/>
  <testcase classname="testngcheck.Annotations" name="test2" time="0.003"/>
  <system-out/>
</testsuite> <!-- testngcheck.Annotations -->
