<?xml version="1.0" encoding="UTF-8"?>
<!-- Generated by org.testng.reporters.JUnitReportReporter -->
<testsuite hostname="Vishus__Lappy" failures="0" tests="10" name="testngcheck.InvocationKeyword" time="0.026" errors="0" timestamp="2023-01-28T22:47:32 IST" skipped="0">
  <testcase classname="testngcheck.InvocationKeyword" name="ab" time="0.004"/>
  <system-out>
    <![CDATA[Checking reporter]]>
  </system-out>
  <testcase classname="testngcheck.InvocationKeyword" name="ab" time="0.002"/>
  <system-out>
    <![CDATA[Checking reporter]]>
  </system-out>
  <testcase classname="testngcheck.InvocationKeyword" name="ab" time="0.002"/>
  <system-out>
    <![CDATA[Checking reporter]]>
  </system-out>
  <testcase classname="testngcheck.InvocationKeyword" name="ab" time="0.003"/>
  <system-out>
    <![CDATA[Checking reporter]]>
  </system-out>
  <testcase classname="testngcheck.InvocationKeyword" name="ab" time="0.002"/>
  <system-out>
    <![CDATA[Checking reporter]]>
  </system-out>
  <testcase classname="testngcheck.InvocationKeyword" name="ab" time="0.001"/>
  <system-out>
    <![CDATA[Checking reporter]]>
  </system-out>
  <testcase classname="testngcheck.InvocationKeyword" name="ab" time="0.005"/>
  <system-out>
    <![CDATA[Checking reporter]]>
  </system-out>
  <testcase classname="testngcheck.InvocationKeyword" name="ab" time="0.002"/>
  <system-out>
    <![CDATA[Checking reporter]]>
  </system-out>
  <testcase classname="testngcheck.InvocationKeyword" name="ab" time="0.002"/>
  <system-out>
    <![CDATA[Checking reporter]]>
  </system-out>
  <testcase classname="testngcheck.InvocationKeyword" name="ab" time="0.003"/>
  <system-out>
    <![CDATA[Checking reporter]]>
  </system-out>
</testsuite> <!-- testngcheck.InvocationKeyword -->
